#
# There is insufficient memory for the Java Runtime Environment to continue.
# Native memory allocation (mmap) failed to map 41943040 bytes for G1 virtual space
# Possible reasons:
#   The system is out of physical RAM or swap space
#   The process is running with CompressedOops enabled, and the Java Heap may be blocking the growth of the native heap
# Possible solutions:
#   Reduce memory load on the system
#   Increase physical memory or swap space
#   Check if swap backing store is full
#   Decrease Java heap size (-Xmx/-Xms)
#   Decrease number of Java threads
#   Decrease Java thread stack sizes (-Xss)
#   Set larger code cache with -XX:ReservedCodeCacheSize=
#   JVM is running with Zero Based Compressed Oops mode in which the Java heap is
#     placed in the first 32GB address space. The Java Heap base address is the
#     maximum limit for the native heap growth. Please use -XX:HeapBaseMinAddress
#     to set the Java Heap base and to place the Java Heap above 32GB virtual address.
# This output file may be truncated or incomplete.
#
#  Out of Memory Error (os_windows.cpp:3532), pid=11396, tid=8748
#
# JRE version: OpenJDK Runtime Environment Temurin-17.0.2+8 (17.0.2+8) (build 17.0.2+8)
# Java VM: OpenJDK 64-Bit Server VM Temurin-17.0.2+8 (17.0.2+8, mixed mode, emulated-client, tiered, compressed oops, compressed class ptrs, g1 gc, windows-amd64)
# No core dump will be written. Minidumps are not enabled by default on client versions of Windows
#

---------------  S U M M A R Y ------------

Command Line: -Dcom.sun.management.jmxremote -Dcom.sun.management.jmxremote.port=57649 -Dcom.sun.management.jmxremote.authenticate=false -Dcom.sun.management.jmxremote.ssl=false -Djava.rmi.server.hostname=localhost -Dspring.jmx.enabled=true -Dspring.application.admin.enabled=true -XX:TieredStopAtLevel=1 -Dspring.boot.project.name=scheduler -Dfile.encoding=UTF-8 -XX:+ShowCodeDetailsInExceptionMessages com.citiustech.SchedulerApplication --spring.output.ansi.enabled=always

Host: Intel(R) Xeon(R) Gold 6258R CPU @ 2.70GHz, 2 cores, 11G,  Windows 10 , 64 bit Build 19041 (10.0.19041.1806)
Time: Wed Aug 24 16:42:03 2022 India Standard Time elapsed time: 1.887001 seconds (0d 0h 0m 1s)

---------------  T H R E A D  ---------------

Current thread (0x0000022a98f7d6c0):  VMThread "VM Thread" [stack: 0x0000008d9ef00000,0x0000008d9f000000] [id=8748]

Stack: [0x0000008d9ef00000,0x0000008d9f000000]
Native frames: (J=compiled Java code, j=interpreted, Vv=VM code, C=native code)
V  [jvm.dll+0x67564a]
V  [jvm.dll+0x82fc04]
V  [jvm.dll+0x8313ae]
V  [jvm.dll+0x831a13]
V  [jvm.dll+0x245235]
V  [jvm.dll+0x672539]
V  [jvm.dll+0x666e82]
V  [jvm.dll+0x30401b]
V  [jvm.dll+0x30b566]
V  [jvm.dll+0x35b1fe]
V  [jvm.dll+0x35b42f]
V  [jvm.dll+0x2daf58]
V  [jvm.dll+0x2d920c]
V  [jvm.dll+0x2d87dc]
V  [jvm.dll+0x31c61b]
V  [jvm.dll+0x835ebb]
V  [jvm.dll+0x836bf4]
V  [jvm.dll+0x83710c]
V  [jvm.dll+0x8374e4]
V  [jvm.dll+0x8375b0]
V  [jvm.dll+0x7dff2a]
V  [jvm.dll+0x6744d5]
C  [ucrtbase.dll+0x21bb2]
C  [KERNEL32.DLL+0x17034]
C  [ntdll.dll+0x52651]

VM_Operation (0x0000008da06faad0): G1CollectForAllocation, mode: safepoint, requested by thread 0x0000022a9a849a30


---------------  P R O C E S S  ---------------

Threads class SMR info:
_java_thread_list=0x0000022a9b761660, length=22, elements={
0x0000022a89080bb0, 0x0000022a9983b030, 0x0000022a9983baf0, 0x0000022a9985cd70,
0x0000022a9985d920, 0x0000022a9985e3d0, 0x0000022a9987aab0, 0x0000022a99881cd0,
0x0000022a998886e0, 0x0000022a999cce40, 0x0000022a99958190, 0x0000022a99a46440,
0x0000022a9a3d7f40, 0x0000022a9a3d2b20, 0x0000022a9a3d3440, 0x0000022a9a5f2930,
0x0000022a9a619070, 0x0000022a9a5f2e00, 0x0000022a9a6558d0, 0x0000022a9a8486f0,
0x0000022a9a849560, 0x0000022a9a849a30
}

Java Threads: ( => current thread )
  0x0000022a89080bb0 JavaThread "main" [_thread_blocked, id=8508, stack(0x0000008d9e900000,0x0000008d9ea00000)]
  0x0000022a9983b030 JavaThread "Reference Handler" daemon [_thread_blocked, id=11764, stack(0x0000008d9f000000,0x0000008d9f100000)]
  0x0000022a9983baf0 JavaThread "Finalizer" daemon [_thread_blocked, id=9908, stack(0x0000008d9f100000,0x0000008d9f200000)]
  0x0000022a9985cd70 JavaThread "Signal Dispatcher" daemon [_thread_blocked, id=16676, stack(0x0000008d9f200000,0x0000008d9f300000)]
  0x0000022a9985d920 JavaThread "Attach Listener" daemon [_thread_blocked, id=12600, stack(0x0000008d9f300000,0x0000008d9f400000)]
  0x0000022a9985e3d0 JavaThread "Service Thread" daemon [_thread_blocked, id=7780, stack(0x0000008d9f400000,0x0000008d9f500000)]
  0x0000022a9987aab0 JavaThread "Monitor Deflation Thread" daemon [_thread_blocked, id=21412, stack(0x0000008d9f500000,0x0000008d9f600000)]
  0x0000022a99881cd0 JavaThread "C1 CompilerThread0" daemon [_thread_blocked, id=17832, stack(0x0000008d9f600000,0x0000008d9f700000)]
  0x0000022a998886e0 JavaThread "Sweeper thread" daemon [_thread_blocked, id=12744, stack(0x0000008d9f700000,0x0000008d9f800000)]
  0x0000022a999cce40 JavaThread "Common-Cleaner" daemon [_thread_blocked, id=7612, stack(0x0000008d9f800000,0x0000008d9f900000)]
  0x0000022a99958190 JavaThread "C1 CompilerThread1" daemon [_thread_blocked, id=16068, stack(0x0000008d9f900000,0x0000008d9fa00000)]
  0x0000022a99a46440 JavaThread "Notification Thread" daemon [_thread_blocked, id=15904, stack(0x0000008d9fa00000,0x0000008d9fb00000)]
  0x0000022a9a3d7f40 JavaThread "RMI TCP Accept-0" daemon [_thread_in_native, id=632, stack(0x0000008d9fc00000,0x0000008d9fd00000)]
  0x0000022a9a3d2b20 JavaThread "RMI TCP Accept-57649" daemon [_thread_in_native, id=13476, stack(0x0000008d9fd00000,0x0000008d9fe00000)]
  0x0000022a9a3d3440 JavaThread "RMI TCP Accept-0" daemon [_thread_in_native, id=2792, stack(0x0000008d9fe00000,0x0000008d9ff00000)]
  0x0000022a9a5f2930 JavaThread "RMI TCP Connection(1)-127.0.0.1" daemon [_thread_in_native, id=16024, stack(0x0000008da0000000,0x0000008da0100000)]
  0x0000022a9a619070 JavaThread "RMI Scheduler(0)" daemon [_thread_blocked, id=16272, stack(0x0000008da0100000,0x0000008da0200000)]
  0x0000022a9a5f2e00 JavaThread "RMI TCP Connection(2)-127.0.0.1" daemon [_thread_in_native, id=11992, stack(0x0000008da0200000,0x0000008da0300000)]
  0x0000022a9a6558d0 JavaThread "JMX server connection timeout 20" daemon [_thread_blocked, id=11208, stack(0x0000008da0300000,0x0000008da0400000)]
  0x0000022a9a8486f0 JavaThread "Thread-0" [_thread_blocked, id=16996, stack(0x0000008da0400000,0x0000008da0500000)]
  0x0000022a9a849560 JavaThread "restartedMain" [_thread_blocked, id=12576, stack(0x0000008da0500000,0x0000008da0600000)]
  0x0000022a9a849a30 JavaThread "background-preinit" [_thread_blocked, id=18348, stack(0x0000008da0600000,0x0000008da0700000)]

Other Threads:
=>0x0000022a98f7d6c0 VMThread "VM Thread" [stack: 0x0000008d9ef00000,0x0000008d9f000000] [id=8748]
  0x0000022a890818e0 WatcherThread [stack: 0x0000008d9ff00000,0x0000008da0000000] [id=8136]
  0x0000022a890c5240 GCTaskThread "GC Thread#0" [stack: 0x0000008d9ea00000,0x0000008d9eb00000] [id=16760]
  0x0000022a9a29d8c0 GCTaskThread "GC Thread#1" [stack: 0x0000008d9fb00000,0x0000008d9fc00000] [id=13780]
  0x0000022a890d2180 ConcurrentGCThread "G1 Main Marker" [stack: 0x0000008d9eb00000,0x0000008d9ec00000] [id=18456]
  0x0000022a890d3ba0 ConcurrentGCThread "G1 Conc#0" [stack: 0x0000008d9ec00000,0x0000008d9ed00000] [id=15400]
  0x0000022a890ede60 ConcurrentGCThread "G1 Refine#0" [stack: 0x0000008d9ed00000,0x0000008d9ee00000] [id=20648]
  0x0000022a890eec50 ConcurrentGCThread "G1 Service" [stack: 0x0000008d9ee00000,0x0000008d9ef00000] [id=11168]

Threads with active compile tasks:

VM state: at safepoint (normal execution)

VM Mutex/Monitor currently owned by a thread:  ([mutex/lock_event])
[0x0000022a8907d090] Threads_lock - owner thread: 0x0000022a98f7d6c0
[0x0000022a8907d630] Heap_lock - owner thread: 0x0000022a9a849a30

Heap address: 0x0000000740000000, size: 3072 MB, Compressed Oops mode: Zero based, Oop shift amount: 3

CDS archive(s) not mapped
Compressed class space mapped at: 0x0000000800000000-0x0000000840000000, reserved size: 1073741824
Narrow klass base: 0x0000000800000000, Narrow klass shift: 0, Narrow klass range: 0x40000000

GC Precious Log:
 CPUs: 2 total, 2 available
 Memory: 12287M
 Large Page Support: Disabled
 NUMA Support: Disabled
 Compressed Oops: Enabled (Zero based)
 Heap Region Size: 2M
 Heap Min Capacity: 8M
 Heap Initial Capacity: 192M
 Heap Max Capacity: 3G
 Pre-touch: Disabled
 Parallel Workers: 2
 Concurrent Workers: 1
 Concurrent Refinement Workers: 2
 Periodic GC: Disabled

Heap:
 garbage-first heap   total 196608K, used 8440K [0x0000000740000000, 0x0000000800000000)
  region size 2048K, 2 young (4096K), 2 survivors (4096K)
 Metaspace       used 21255K, committed 21568K, reserved 1073152K
  class space    used 2495K, committed 2624K, reserved 1048576K

Heap Regions: E=young(eden), S=young(survivor), O=old, HS=humongous(starts), HC=humongous(continues), CS=collection set, F=free, OA=open archive, CA=closed archive, TAMS=top-at-mark-start (previous, next)
|   0|0x0000000740000000, 0x0000000740200000, 0x0000000740200000|100%| O|  |TAMS 0x0000000740000000, 0x0000000740200000| Untracked 
|   1|0x0000000740200000, 0x0000000740400000, 0x0000000740400000|100%| O|  |TAMS 0x0000000740200000, 0x0000000740400000| Untracked 
|   2|0x0000000740400000, 0x0000000740597800, 0x0000000740600000| 79%| O|  |TAMS 0x0000000740400000, 0x0000000740597800| Untracked 
|   3|0x0000000740600000, 0x0000000740600000, 0x0000000740800000|  0%| F|  |TAMS 0x0000000740600000, 0x0000000740600000| Untracked 
|   4|0x0000000740800000, 0x0000000740800000, 0x0000000740a00000|  0%| F|  |TAMS 0x0000000740800000, 0x0000000740800000| Untracked 
|   5|0x0000000740a00000, 0x0000000740a00000, 0x0000000740c00000|  0%| F|  |TAMS 0x0000000740a00000, 0x0000000740a00000| Untracked 
|   6|0x0000000740c00000, 0x0000000740c00000, 0x0000000740e00000|  0%| F|  |TAMS 0x0000000740c00000, 0x0000000740c00000| Untracked 
|   7|0x0000000740e00000, 0x0000000740e00000, 0x0000000741000000|  0%| F|  |TAMS 0x0000000740e00000, 0x0000000740e00000| Untracked 
|   8|0x0000000741000000, 0x0000000741000000, 0x0000000741200000|  0%| F|  |TAMS 0x0000000741000000, 0x0000000741000000| Untracked 
|   9|0x0000000741200000, 0x0000000741200000, 0x0000000741400000|  0%| F|  |TAMS 0x0000000741200000, 0x0000000741200000| Untracked 
|  10|0x0000000741400000, 0x0000000741400000, 0x0000000741600000|  0%| F|  |TAMS 0x0000000741400000, 0x0000000741400000| Untracked 
|  11|0x0000000741600000, 0x0000000741600000, 0x0000000741800000|  0%| F|  |TAMS 0x0000000741600000, 0x0000000741600000| Untracked 
|  12|0x0000000741800000, 0x0000000741800000, 0x0000000741a00000|  0%| F|  |TAMS 0x0000000741800000, 0x0000000741800000| Untracked 
|  13|0x0000000741a00000, 0x0000000741a00000, 0x0000000741c00000|  0%| F|  |TAMS 0x0000000741a00000, 0x0000000741a00000| Untracked 
|  14|0x0000000741c00000, 0x0000000741c00000, 0x0000000741e00000|  0%| F|  |TAMS 0x0000000741c00000, 0x0000000741c00000| Untracked 
|  15|0x0000000741e00000, 0x0000000741e00000, 0x0000000742000000|  0%| F|  |TAMS 0x0000000741e00000, 0x0000000741e00000| Untracked 
|  16|0x0000000742000000, 0x0000000742000000, 0x0000000742200000|  0%| F|  |TAMS 0x0000000742000000, 0x0000000742000000| Untracked 
|  17|0x0000000742200000, 0x0000000742200000, 0x0000000742400000|  0%| F|  |TAMS 0x0000000742200000, 0x0000000742200000| Untracked 
|  18|0x0000000742400000, 0x0000000742400000, 0x0000000742600000|  0%| F|  |TAMS 0x0000000742400000, 0x0000000742400000| Untracked 
|  19|0x0000000742600000, 0x0000000742600000, 0x0000000742800000|  0%| F|  |TAMS 0x0000000742600000, 0x0000000742600000| Untracked 
|  20|0x0000000742800000, 0x0000000742800000, 0x0000000742a00000|  0%| F|  |TAMS 0x0000000742800000, 0x0000000742800000| Untracked 
|  21|0x0000000742a00000, 0x0000000742a00000, 0x0000000742c00000|  0%| F|  |TAMS 0x0000000742a00000, 0x0000000742a00000| Untracked 
|  22|0x0000000742c00000, 0x0000000742c00000, 0x0000000742e00000|  0%| F|  |TAMS 0x0000000742c00000, 0x0000000742c00000| Untracked 
|  23|0x0000000742e00000, 0x0000000742e00000, 0x0000000743000000|  0%| F|  |TAMS 0x0000000742e00000, 0x0000000742e00000| Untracked 
|  24|0x0000000743000000, 0x0000000743000000, 0x0000000743200000|  0%| F|  |TAMS 0x0000000743000000, 0x0000000743000000| Untracked 
|  25|0x0000000743200000, 0x0000000743200000, 0x0000000743400000|  0%| F|  |TAMS 0x0000000743200000, 0x0000000743200000| Untracked 
|  26|0x0000000743400000, 0x0000000743400000, 0x0000000743600000|  0%| F|  |TAMS 0x0000000743400000, 0x0000000743400000| Untracked 
|  27|0x0000000743600000, 0x0000000743600000, 0x0000000743800000|  0%| F|  |TAMS 0x0000000743600000, 0x0000000743600000| Untracked 
|  28|0x0000000743800000, 0x0000000743800000, 0x0000000743a00000|  0%| F|  |TAMS 0x0000000743800000, 0x0000000743800000| Untracked 
|  29|0x0000000743a00000, 0x0000000743a00000, 0x0000000743c00000|  0%| F|  |TAMS 0x0000000743a00000, 0x0000000743a00000| Untracked 
|  30|0x0000000743c00000, 0x0000000743c00000, 0x0000000743e00000|  0%| F|  |TAMS 0x0000000743c00000, 0x0000000743c00000| Untracked 
|  31|0x0000000743e00000, 0x0000000743e00000, 0x0000000744000000|  0%| F|  |TAMS 0x0000000743e00000, 0x0000000743e00000| Untracked 
|  32|0x0000000744000000, 0x0000000744000000, 0x0000000744200000|  0%| F|  |TAMS 0x0000000744000000, 0x0000000744000000| Untracked 
|  33|0x0000000744200000, 0x0000000744200000, 0x0000000744400000|  0%| F|  |TAMS 0x0000000744200000, 0x0000000744200000| Untracked 
|  34|0x0000000744400000, 0x0000000744400000, 0x0000000744600000|  0%| F|  |TAMS 0x0000000744400000, 0x0000000744400000| Untracked 
|  35|0x0000000744600000, 0x0000000744600000, 0x0000000744800000|  0%| F|  |TAMS 0x0000000744600000, 0x0000000744600000| Untracked 
|  36|0x0000000744800000, 0x0000000744800000, 0x0000000744a00000|  0%| F|  |TAMS 0x0000000744800000, 0x0000000744800000| Untracked 
|  37|0x0000000744a00000, 0x0000000744a00000, 0x0000000744c00000|  0%| F|  |TAMS 0x0000000744a00000, 0x0000000744a00000| Untracked 
|  38|0x0000000744c00000, 0x0000000744c00000, 0x0000000744e00000|  0%| F|  |TAMS 0x0000000744c00000, 0x0000000744c00000| Untracked 
|  39|0x0000000744e00000, 0x0000000744e00000, 0x0000000745000000|  0%| F|  |TAMS 0x0000000744e00000, 0x0000000744e00000| Untracked 
|  40|0x0000000745000000, 0x0000000745000000, 0x0000000745200000|  0%| F|  |TAMS 0x0000000745000000, 0x0000000745000000| Untracked 
|  41|0x0000000745200000, 0x0000000745200000, 0x0000000745400000|  0%| F|  |TAMS 0x0000000745200000, 0x0000000745200000| Untracked 
|  42|0x0000000745400000, 0x0000000745400000, 0x0000000745600000|  0%| F|  |TAMS 0x0000000745400000, 0x0000000745400000| Untracked 
|  43|0x0000000745600000, 0x0000000745600000, 0x0000000745800000|  0%| F|  |TAMS 0x0000000745600000, 0x0000000745600000| Untracked 
|  44|0x0000000745800000, 0x0000000745800000, 0x0000000745a00000|  0%| F|  |TAMS 0x0000000745800000, 0x0000000745800000| Untracked 
|  45|0x0000000745a00000, 0x0000000745a00000, 0x0000000745c00000|  0%| F|  |TAMS 0x0000000745a00000, 0x0000000745a00000| Untracked 
|  46|0x0000000745c00000, 0x0000000745c00000, 0x0000000745e00000|  0%| F|  |TAMS 0x0000000745c00000, 0x0000000745c00000| Untracked 
|  47|0x0000000745e00000, 0x0000000745e00000, 0x0000000746000000|  0%| F|  |TAMS 0x0000000745e00000, 0x0000000745e00000| Untracked 
|  48|0x0000000746000000, 0x0000000746000000, 0x0000000746200000|  0%| F|  |TAMS 0x0000000746000000, 0x0000000746000000| Untracked 
|  49|0x0000000746200000, 0x0000000746200000, 0x0000000746400000|  0%| F|  |TAMS 0x0000000746200000, 0x0000000746200000| Untracked 
|  50|0x0000000746400000, 0x0000000746400000, 0x0000000746600000|  0%| F|  |TAMS 0x0000000746400000, 0x0000000746400000| Untracked 
|  51|0x0000000746600000, 0x0000000746600000, 0x0000000746800000|  0%| F|  |TAMS 0x0000000746600000, 0x0000000746600000| Untracked 
|  52|0x0000000746800000, 0x0000000746800000, 0x0000000746a00000|  0%| F|  |TAMS 0x0000000746800000, 0x0000000746800000| Untracked 
|  53|0x0000000746a00000, 0x0000000746a00000, 0x0000000746c00000|  0%| F|  |TAMS 0x0000000746a00000, 0x0000000746a00000| Untracked 
|  54|0x0000000746c00000, 0x0000000746c00000, 0x0000000746e00000|  0%| F|  |TAMS 0x0000000746c00000, 0x0000000746c00000| Untracked 
|  55|0x0000000746e00000, 0x0000000746e00000, 0x0000000747000000|  0%| F|  |TAMS 0x0000000746e00000, 0x0000000746e00000| Untracked 
|  56|0x0000000747000000, 0x0000000747000000, 0x0000000747200000|  0%| F|  |TAMS 0x0000000747000000, 0x0000000747000000| Untracked 
|  57|0x0000000747200000, 0x0000000747200000, 0x0000000747400000|  0%| F|  |TAMS 0x0000000747200000, 0x0000000747200000| Untracked 
|  58|0x0000000747400000, 0x0000000747400000, 0x0000000747600000|  0%| F|  |TAMS 0x0000000747400000, 0x0000000747400000| Untracked 
|  59|0x0000000747600000, 0x0000000747600000, 0x0000000747800000|  0%| F|  |TAMS 0x0000000747600000, 0x0000000747600000| Untracked 
|  60|0x0000000747800000, 0x0000000747800000, 0x0000000747a00000|  0%| F|  |TAMS 0x0000000747800000, 0x0000000747800000| Untracked 
|  61|0x0000000747a00000, 0x0000000747a00000, 0x0000000747c00000|  0%| F|  |TAMS 0x0000000747a00000, 0x0000000747a00000| Untracked 
|  62|0x0000000747c00000, 0x0000000747c00000, 0x0000000747e00000|  0%| F|  |TAMS 0x0000000747c00000, 0x0000000747c00000| Untracked 
|  63|0x0000000747e00000, 0x0000000747e00000, 0x0000000748000000|  0%| F|  |TAMS 0x0000000747e00000, 0x0000000747e00000| Untracked 
|  64|0x0000000748000000, 0x0000000748000000, 0x0000000748200000|  0%| F|  |TAMS 0x0000000748000000, 0x0000000748000000| Untracked 
|  65|0x0000000748200000, 0x0000000748200000, 0x0000000748400000|  0%| F|  |TAMS 0x0000000748200000, 0x0000000748200000| Untracked 
|  66|0x0000000748400000, 0x0000000748400000, 0x0000000748600000|  0%| F|  |TAMS 0x0000000748400000, 0x0000000748400000| Untracked 
|  67|0x0000000748600000, 0x0000000748600000, 0x0000000748800000|  0%| F|  |TAMS 0x0000000748600000, 0x0000000748600000| Untracked 
|  68|0x0000000748800000, 0x0000000748800000, 0x0000000748a00000|  0%| F|  |TAMS 0x0000000748800000, 0x0000000748800000| Untracked 
|  69|0x0000000748a00000, 0x0000000748a00000, 0x0000000748c00000|  0%| F|  |TAMS 0x0000000748a00000, 0x0000000748a00000| Untracked 
|  70|0x0000000748c00000, 0x0000000748c00000, 0x0000000748e00000|  0%| F|  |TAMS 0x0000000748c00000, 0x0000000748c00000| Untracked 
|  71|0x0000000748e00000, 0x0000000748e00000, 0x0000000749000000|  0%| F|  |TAMS 0x0000000748e00000, 0x0000000748e00000| Untracked 
|  72|0x0000000749000000, 0x0000000749000000, 0x0000000749200000|  0%| F|  |TAMS 0x0000000749000000, 0x0000000749000000| Untracked 
|  73|0x0000000749200000, 0x0000000749200000, 0x0000000749400000|  0%| F|  |TAMS 0x0000000749200000, 0x0000000749200000| Untracked 
|  74|0x0000000749400000, 0x0000000749400000, 0x0000000749600000|  0%| F|  |TAMS 0x0000000749400000, 0x0000000749400000| Untracked 
|  75|0x0000000749600000, 0x0000000749600000, 0x0000000749800000|  0%| F|  |TAMS 0x0000000749600000, 0x0000000749600000| Untracked 
|  76|0x0000000749800000, 0x0000000749800000, 0x0000000749a00000|  0%| F|  |TAMS 0x0000000749800000, 0x0000000749800000| Untracked 
|  77|0x0000000749a00000, 0x0000000749a00000, 0x0000000749c00000|  0%| F|  |TAMS 0x0000000749a00000, 0x0000000749a00000| Untracked 
|  78|0x0000000749c00000, 0x0000000749c00000, 0x0000000749e00000|  0%| F|  |TAMS 0x0000000749c00000, 0x0000000749c00000| Untracked 
|  79|0x0000000749e00000, 0x0000000749e00000, 0x000000074a000000|  0%| F|  |TAMS 0x0000000749e00000, 0x0000000749e00000| Untracked 
|  80|0x000000074a000000, 0x000000074a000000, 0x000000074a200000|  0%| F|  |TAMS 0x000000074a000000, 0x000000074a000000| Untracked 
|  81|0x000000074a200000, 0x000000074a200000, 0x000000074a400000|  0%| F|  |TAMS 0x000000074a200000, 0x000000074a200000| Untracked 
|  82|0x000000074a400000, 0x000000074a400000, 0x000000074a600000|  0%| F|  |TAMS 0x000000074a400000, 0x000000074a400000| Untracked 
|  83|0x000000074a600000, 0x000000074a600000, 0x000000074a800000|  0%| F|  |TAMS 0x000000074a600000, 0x000000074a600000| Untracked 
|  84|0x000000074a800000, 0x000000074a800000, 0x000000074aa00000|  0%| F|  |TAMS 0x000000074a800000, 0x000000074a800000| Untracked 
|  85|0x000000074aa00000, 0x000000074aa00000, 0x000000074ac00000|  0%| F|  |TAMS 0x000000074aa00000, 0x000000074aa00000| Untracked 
|  86|0x000000074ac00000, 0x000000074ac00000, 0x000000074ae00000|  0%| F|  |TAMS 0x000000074ac00000, 0x000000074ac00000| Untracked 
|  87|0x000000074ae00000, 0x000000074ae00000, 0x000000074b000000|  0%| F|  |TAMS 0x000000074ae00000, 0x000000074ae00000| Untracked 
|  88|0x000000074b000000, 0x000000074b0a6a80, 0x000000074b200000| 32%| S|CS|TAMS 0x000000074b000000, 0x000000074b000000| Complete 
|  89|0x000000074b200000, 0x000000074b400000, 0x000000074b400000|100%| S|CS|TAMS 0x000000074b200000, 0x000000074b200000| Complete 
|  90|0x000000074b400000, 0x000000074b400000, 0x000000074b600000|  0%| F|  |TAMS 0x000000074b400000, 0x000000074b400000| Untracked 
|  91|0x000000074b600000, 0x000000074b600000, 0x000000074b800000|  0%| F|  |TAMS 0x000000074b600000, 0x000000074b600000| Untracked 
|  92|0x000000074b800000, 0x000000074b800000, 0x000000074ba00000|  0%| F|  |TAMS 0x000000074b800000, 0x000000074b800000| Untracked 
|  93|0x000000074ba00000, 0x000000074ba00000, 0x000000074bc00000|  0%| F|  |TAMS 0x000000074ba00000, 0x000000074ba00000| Untracked 
|  94|0x000000074bc00000, 0x000000074bc00000, 0x000000074be00000|  0%| F|  |TAMS 0x000000074bc00000, 0x000000074bc00000| Untracked 
|  95|0x000000074be00000, 0x000000074be00000, 0x000000074c000000|  0%| F|  |TAMS 0x000000074be00000, 0x000000074be00000| Untracked 

Card table byte_map: [0x0000022a8ff20000,0x0000022a90520000] _byte_map_base: 0x0000022a8c520000

Marking Bits (Prev, Next): (CMBitMap*) 0x0000022a890c5850, (CMBitMap*) 0x0000022a890c5890
 Prev Bits: [0x0000022a90b20000, 0x0000022a93b20000)
 Next Bits: [0x0000022a93b20000, 0x0000022a96b20000)

Polling page: 0x0000022a87790000

Metaspace:

Usage:
  Non-class:     18.32 MB used.
      Class:      2.44 MB used.
       Both:     20.76 MB used.

Virtual space:
  Non-class space:       24.00 MB reserved,      18.50 MB ( 77%) committed,  3 nodes.
      Class space:        1.00 GB reserved,       2.56 MB ( <1%) committed,  1 nodes.
             Both:        1.02 GB reserved,      21.06 MB (  2%) committed. 

Chunk freelists:
   Non-Class:  1.42 MB
       Class:  1.44 MB
        Both:  2.86 MB

MaxMetaspaceSize: unlimited
CompressedClassSpaceSize: 1.00 GB
Initial GC threshold: 21.00 MB
Current GC threshold: 21.31 MB
CDS: off
MetaspaceReclaimPolicy: balanced
 - commit_granule_bytes: 65536.
 - commit_granule_words: 8192.
 - virtual_space_node_default_size: 1048576.
 - enlarge_chunks_in_place: 1.
 - new_chunks_are_fully_committed: 0.
 - uncommit_free_chunks: 1.
 - use_allocation_guard: 0.
 - handle_deallocations: 1.


Internal statistics:

num_allocs_failed_limit: 3.
num_arena_births: 258.
num_arena_deaths: 0.
num_vsnodes_births: 4.
num_vsnodes_deaths: 0.
num_space_committed: 337.
num_space_uncommitted: 0.
num_chunks_returned_to_freelist: 3.
num_chunks_taken_from_freelist: 626.
num_chunk_merges: 3.
num_chunk_splits: 374.
num_chunks_enlarged: 251.
num_purges: 0.
num_inconsistent_stats: 0.

CodeCache: size=49152Kb used=4764Kb max_used=4764Kb free=44388Kb
 bounds [0x0000022a8c700000, 0x0000022a8cbb0000, 0x0000022a8f700000]
 total_blobs=2504 nmethods=2038 adapters=392
 compilation: enabled
              stopped_count=0, restarted_count=0
 full_count=0

Compilation events (20 events):
Event: 1.857 Thread 0x0000022a99958190 2029       1       java.util.LinkedHashMap::newNode (23 bytes)
Event: 1.857 Thread 0x0000022a99958190 nmethod 2029 0x0000022a8cba1a90 code [0x0000022a8cba1c40, 0x0000022a8cba2078]
Event: 1.861 Thread 0x0000022a99881cd0 2030       1       java.io.ObjectOutputStream$BlockDataOutputStream::drain (45 bytes)
Event: 1.861 Thread 0x0000022a99881cd0 nmethod 2030 0x0000022a8cba2190 code [0x0000022a8cba2340, 0x0000022a8cba24b8]
Event: 1.861 Thread 0x0000022a99881cd0 2031       1       java.io.ObjectOutputStream$BlockDataOutputStream::writeInt (46 bytes)
Event: 1.861 Thread 0x0000022a99958190 2032       1       java.io.ObjectOutputStream$HandleTable::assign (52 bytes)
Event: 1.862 Thread 0x0000022a99881cd0 nmethod 2031 0x0000022a8cba2590 code [0x0000022a8cba2740, 0x0000022a8cba28b8]
Event: 1.862 Thread 0x0000022a99958190 nmethod 2032 0x0000022a8cba2990 code [0x0000022a8cba2b40, 0x0000022a8cba2cc8]
Event: 1.862 Thread 0x0000022a99958190 2033       1       java.io.ObjectStreamClass::processQueue (21 bytes)
Event: 1.862 Thread 0x0000022a99881cd0 2034  s    1       java.io.BufferedOutputStream::write (67 bytes)
Event: 1.862 Thread 0x0000022a99958190 nmethod 2033 0x0000022a8cba2d90 code [0x0000022a8cba2f40, 0x0000022a8cba3178]
Event: 1.862 Thread 0x0000022a99881cd0 nmethod 2034 0x0000022a8cba3310 code [0x0000022a8cba34e0, 0x0000022a8cba38b8]
Event: 1.862 Thread 0x0000022a99958190 2035   !   1       java.io.ObjectStreamClass::lookup (334 bytes)
Event: 1.862 Thread 0x0000022a99881cd0 2036       1       java.io.ObjectOutputStream$BlockDataOutputStream::writeUTF (46 bytes)
Event: 1.862 Thread 0x0000022a99881cd0 nmethod 2036 0x0000022a8cba3a10 code [0x0000022a8cba3be0, 0x0000022a8cba3df8]
Event: 1.862 Thread 0x0000022a99881cd0 2037       1       java.io.ObjectStreamClass$WeakClassKey::<init> (15 bytes)
Event: 1.862 Thread 0x0000022a99881cd0 nmethod 2037 0x0000022a8cba3f90 code [0x0000022a8cba4140, 0x0000022a8cba4308]
Event: 1.863 Thread 0x0000022a99958190 nmethod 2035 0x0000022a8cba4390 code [0x0000022a8cba4700, 0x0000022a8cba5b68]
Event: 1.865 Thread 0x0000022a99958190 2038       1       java.util.logging.Logger::isLoggable (27 bytes)
Event: 1.865 Thread 0x0000022a99958190 nmethod 2038 0x0000022a8cba6390 code [0x0000022a8cba6520, 0x0000022a8cba6638]

GC Heap History (9 events):
Event: 0.510 GC heap before
{Heap before GC invocations=0 (full 0):
 garbage-first heap   total 196608K, used 6144K [0x0000000740000000, 0x0000000800000000)
  region size 2048K, 4 young (8192K), 0 survivors (0K)
 Metaspace       used 9212K, committed 9408K, reserved 1064960K
  class space    used 887K, committed 960K, reserved 1048576K
}
Event: 0.517 GC heap after
{Heap after GC invocations=1 (full 0):
 garbage-first heap   total 196608K, used 4564K [0x0000000740000000, 0x0000000800000000)
  region size 2048K, 1 young (2048K), 1 survivors (2048K)
 Metaspace       used 9212K, committed 9408K, reserved 1064960K
  class space    used 887K, committed 960K, reserved 1048576K
}
Event: 0.839 GC heap before
{Heap before GC invocations=1 (full 0):
 garbage-first heap   total 196608K, used 10708K [0x0000000740000000, 0x0000000800000000)
  region size 2048K, 4 young (8192K), 1 survivors (2048K)
 Metaspace       used 13979K, committed 14144K, reserved 1064960K
  class space    used 1454K, committed 1536K, reserved 1048576K
}
Event: 0.845 GC heap after
{Heap after GC invocations=2 (full 0):
 garbage-first heap   total 196608K, used 5911K [0x0000000740000000, 0x0000000800000000)
  region size 2048K, 1 young (2048K), 1 survivors (2048K)
 Metaspace       used 13979K, committed 14144K, reserved 1064960K
  class space    used 1454K, committed 1536K, reserved 1048576K
}
Event: 1.034 GC heap before
{Heap before GC invocations=2 (full 0):
 garbage-first heap   total 196608K, used 10007K [0x0000000740000000, 0x0000000800000000)
  region size 2048K, 4 young (8192K), 1 survivors (2048K)
 Metaspace       used 15470K, committed 15680K, reserved 1064960K
  class space    used 1646K, committed 1728K, reserved 1048576K
}
Event: 1.039 GC heap after
{Heap after GC invocations=3 (full 0):
 garbage-first heap   total 196608K, used 6840K [0x0000000740000000, 0x0000000800000000)
  region size 2048K, 1 young (2048K), 1 survivors (2048K)
 Metaspace       used 15470K, committed 15680K, reserved 1064960K
  class space    used 1646K, committed 1728K, reserved 1048576K
}
Event: 1.528 GC heap before
{Heap before GC invocations=3 (full 0):
 garbage-first heap   total 196608K, used 23224K [0x0000000740000000, 0x0000000800000000)
  region size 2048K, 9 young (18432K), 1 survivors (2048K)
 Metaspace       used 18998K, committed 19264K, reserved 1073152K
  class space    used 2142K, committed 2240K, reserved 1048576K
}
Event: 1.533 GC heap after
{Heap after GC invocations=4 (full 0):
 garbage-first heap   total 196608K, used 7681K [0x0000000740000000, 0x0000000800000000)
  region size 2048K, 1 young (2048K), 1 survivors (2048K)
 Metaspace       used 18998K, committed 19264K, reserved 1073152K
  class space    used 2142K, committed 2240K, reserved 1048576K
}
Event: 1.869 GC heap before
{Heap before GC invocations=4 (full 0):
 garbage-first heap   total 196608K, used 17921K [0x0000000740000000, 0x0000000800000000)
  region size 2048K, 7 young (14336K), 1 survivors (2048K)
 Metaspace       used 21255K, committed 21568K, reserved 1073152K
  class space    used 2495K, committed 2624K, reserved 1048576K
}

Deoptimization events (2 events):
Event: 0.446 Thread 0x0000022a89080bb0 DEOPT PACKING pc=0x0000022a8c935081 sp=0x0000008d9e9fd1a0
Event: 0.446 Thread 0x0000022a89080bb0 DEOPT UNPACKING pc=0x0000022a8c756763 sp=0x0000008d9e9fc610 mode 3

Classes unloaded (0 events):
No events

Classes redefined (0 events):
No events

Internal exceptions (20 events):
Event: 1.411 Thread 0x0000022a9a849560 Exception <a 'java/lang/NoSuchMethodError'{0x000000074b0df500}: 'java.lang.Object java.lang.invoke.DirectMethodHandle$Holder.newInvokeSpecial(java.lang.Object, java.lang.Object, java.lang.Object, java.lang.Object, java.lang.Object, java.lang.Object, int)'> (0x000000074b0df500) 
thrown [e:\jenkins\tmp\workspace\build\src\src\hotspot\share\interpreter\linkResolver.cpp, line 766]
Event: 1.411 Thread 0x0000022a9a849560 Exception <a 'java/lang/NoSuchMethodError'{0x000000074b0e4540}: 'java.lang.Object java.lang.invoke.DirectMethodHandle$Holder.invokeSpecial(java.lang.Object, java.lang.Object, java.lang.Object, java.lang.Object, java.lang.Object, java.lang.Object, java.lang.Object, int)'> (0x000000074b0e4540) 
thrown [e:\jenkins\tmp\workspace\build\src\src\hotspot\share\interpreter\linkResolver.cpp, line 766]
Event: 1.485 Thread 0x0000022a9a849560 Exception <a 'java/lang/NoSuchMethodError'{0x000000074ae88b80}: 'int java.lang.invoke.DirectMethodHandle$Holder.invokeVirtual(java.lang.Object, java.lang.Object)'> (0x000000074ae88b80) 
thrown [e:\jenkins\tmp\workspace\build\src\src\hotspot\share\interpreter\linkResolver.cpp, line 766]
Event: 1.495 Thread 0x0000022a9a849560 Exception <a 'java/lang/NoSuchMethodError'{0x000000074aef1020}: 'void java.lang.invoke.DirectMethodHandle$Holder.invokeSpecial(java.lang.Object, java.lang.Object, java.lang.Object, java.lang.Object, java.lang.Object)'> (0x000000074aef1020) 
thrown [e:\jenkins\tmp\workspace\build\src\src\hotspot\share\interpreter\linkResolver.cpp, line 766]
Event: 1.570 Thread 0x0000022a9a849560 Exception <a 'java/lang/NoSuchMethodError'{0x000000074bf9c7b0}: 'java.lang.Object java.lang.invoke.DirectMethodHandle$Holder.invokeSpecial(java.lang.Object, java.lang.Object, java.lang.Object, int, java.lang.Object)'> (0x000000074bf9c7b0) 
thrown [e:\jenkins\tmp\workspace\build\src\src\hotspot\share\interpreter\linkResolver.cpp, line 766]
Event: 1.571 Thread 0x0000022a9a849560 Exception <a 'java/lang/NoSuchMethodError'{0x000000074bfa4d20}: 'java.lang.Object java.lang.invoke.DirectMethodHandle$Holder.newInvokeSpecial(java.lang.Object, java.lang.Object, java.lang.Object, int, java.lang.Object)'> (0x000000074bfa4d20) 
thrown [e:\jenkins\tmp\workspace\build\src\src\hotspot\share\interpreter\linkResolver.cpp, line 766]
Event: 1.572 Thread 0x0000022a9a849560 Exception <a 'java/lang/NoSuchMethodError'{0x000000074bfbbbc8}: 'java.lang.Object java.lang.invoke.DirectMethodHandle$Holder.newInvokeSpecial(java.lang.Object, int, java.lang.Object)'> (0x000000074bfbbbc8) 
thrown [e:\jenkins\tmp\workspace\build\src\src\hotspot\share\interpreter\linkResolver.cpp, line 766]
Event: 1.573 Thread 0x0000022a9a849560 Exception <a 'java/lang/NoSuchMethodError'{0x000000074bfbfc20}: 'int java.lang.invoke.DirectMethodHandle$Holder.invokeSpecialIFC(java.lang.Object, java.lang.Object, java.lang.Object, java.lang.Object)'> (0x000000074bfbfc20) 
thrown [e:\jenkins\tmp\workspace\build\src\src\hotspot\share\interpreter\linkResolver.cpp, line 766]
Event: 1.592 Thread 0x0000022a9a849560 Exception <a 'java/lang/NoSuchMethodError'{0x000000074bc7f5f8}: 'java.lang.Object java.lang.invoke.DirectMethodHandle$Holder.invokeInterface(java.lang.Object, java.lang.Object)'> (0x000000074bc7f5f8) 
thrown [e:\jenkins\tmp\workspace\build\src\src\hotspot\share\interpreter\linkResolver.cpp, line 766]
Event: 1.605 Thread 0x0000022a9a849560 Exception <a 'java/lang/NoSuchMethodError'{0x000000074bc908d8}: 'void java.lang.invoke.DirectMethodHandle$Holder.invokeInterface(java.lang.Object, java.lang.Object, java.lang.Object)'> (0x000000074bc908d8) 
thrown [e:\jenkins\tmp\workspace\build\src\src\hotspot\share\interpreter\linkResolver.cpp, line 766]
Event: 1.638 Thread 0x0000022a9a849560 Exception <a 'java/lang/NoSuchMethodError'{0x000000074bd76178}: 'java.lang.Object java.lang.invoke.DirectMethodHandle$Holder.invokeVirtual(java.lang.Object, java.lang.Object, java.lang.Object)'> (0x000000074bd76178) 
thrown [e:\jenkins\tmp\workspace\build\src\src\hotspot\share\interpreter\linkResolver.cpp, line 766]
Event: 1.654 Thread 0x0000022a9a849560 Exception <a 'java/lang/NoSuchMethodError'{0x000000074ba12500}: 'void java.lang.invoke.DirectMethodHandle$Holder.invokeStatic(java.lang.Object, java.lang.Object, int)'> (0x000000074ba12500) 
thrown [e:\jenkins\tmp\workspace\build\src\src\hotspot\share\interpreter\linkResolver.cpp, line 766]
Event: 1.655 Thread 0x0000022a9a849560 Exception <a 'java/lang/NoSuchMethodError'{0x000000074ba1a270}: 'void java.lang.invoke.DirectMethodHandle$Holder.invokeStaticInit(java.lang.Object, java.lang.Object)'> (0x000000074ba1a270) 
thrown [e:\jenkins\tmp\workspace\build\src\src\hotspot\share\interpreter\linkResolver.cpp, line 766]
Event: 1.657 Thread 0x0000022a9a849560 Exception <a 'java/lang/NoSuchMethodError'{0x000000074ba27ee0}: 'void java.lang.invoke.DirectMethodHandle$Holder.invokeStaticInit(java.lang.Object, java.lang.Object, java.lang.Object)'> (0x000000074ba27ee0) 
thrown [e:\jenkins\tmp\workspace\build\src\src\hotspot\share\interpreter\linkResolver.cpp, line 766]
Event: 1.683 Thread 0x0000022a9a849560 Exception <a 'java/lang/NoSuchMethodError'{0x000000074ba7a100}: 'void java.lang.invoke.DirectMethodHandle$Holder.invokeVirtual(java.lang.Object, java.lang.Object, java.lang.Object, java.lang.Object)'> (0x000000074ba7a100) 
thrown [e:\jenkins\tmp\workspace\build\src\src\hotspot\share\interpreter\linkResolver.cpp, line 766]
Event: 1.761 Thread 0x0000022a9a849560 Exception <a 'java/lang/NoSuchMethodError'{0x000000074bbc4128}: 'void java.lang.invoke.DirectMethodHandle$Holder.invokeSpecial(java.lang.Object, java.lang.Object, java.lang.Object)'> (0x000000074bbc4128) 
thrown [e:\jenkins\tmp\workspace\build\src\src\hotspot\share\interpreter\linkResolver.cpp, line 766]
Event: 1.808 Thread 0x0000022a9a849a30 Exception <a 'java/lang/NoClassDefFoundError'{0x000000074b926330}: javax/validation/Validation> (0x000000074b926330) 
thrown [e:\jenkins\tmp\workspace\build\src\src\hotspot\share\classfile\systemDictionary.cpp, line 245]
Event: 1.835 Thread 0x0000022a9a849a30 Exception <a 'java/lang/NoSuchMethodError'{0x000000074b64def8}: 'java.lang.Object java.lang.invoke.DirectMethodHandle$Holder.invokeStaticInit(java.lang.Object, java.lang.Object, java.lang.Object)'> (0x000000074b64def8) 
thrown [e:\jenkins\tmp\workspace\build\src\src\hotspot\share\interpreter\linkResolver.cpp, line 766]
Event: 1.836 Thread 0x0000022a9a849a30 Exception <a 'java/lang/NoSuchMethodError'{0x000000074b653de8}: 'java.lang.Object java.lang.invoke.DirectMethodHandle$Holder.invokeStaticInit(java.lang.Object, java.lang.Object, java.lang.Object, java.lang.Object, java.lang.Object)'> (0x000000074b653de8) 
thrown [e:\jenkins\tmp\workspace\build\src\src\hotspot\share\interpreter\linkResolver.cpp, line 766]
Event: 1.861 Thread 0x0000022a9a5f2e00 Exception <a 'java/lang/reflect/InvocationTargetException'{0x000000074b401bc0}> (0x000000074b401bc0) 
thrown [e:\jenkins\tmp\workspace\build\src\src\hotspot\share\runtime\reflection.cpp, line 1121]

VM Operations (20 events):
Event: 0.657 Executing VM operation: HandshakeAllThreads done
Event: 0.812 Executing VM operation: HandshakeAllThreads
Event: 0.813 Executing VM operation: HandshakeAllThreads done
Event: 0.838 Executing VM operation: G1CollectForAllocation
Event: 0.845 Executing VM operation: G1CollectForAllocation done
Event: 0.918 Executing VM operation: HandshakeAllThreads
Event: 0.918 Executing VM operation: HandshakeAllThreads done
Event: 1.034 Executing VM operation: G1CollectForAllocation
Event: 1.039 Executing VM operation: G1CollectForAllocation done
Event: 1.188 Executing VM operation: HandshakeAllThreads
Event: 1.188 Executing VM operation: HandshakeAllThreads done
Event: 1.453 Executing VM operation: HandshakeAllThreads
Event: 1.454 Executing VM operation: HandshakeAllThreads done
Event: 1.528 Executing VM operation: G1CollectForAllocation
Event: 1.533 Executing VM operation: G1CollectForAllocation done
Event: 1.816 Executing VM operation: HandshakeAllThreads
Event: 1.816 Executing VM operation: HandshakeAllThreads done
Event: 1.869 Executing VM operation: CollectForMetadataAllocation
Event: 1.869 Executing VM operation: CollectForMetadataAllocation done
Event: 1.869 Executing VM operation: G1CollectForAllocation

Events (20 events):
Event: 1.865 loading class jdk/xml/internal/JdkProperty$ImplPropMap
Event: 1.866 loading class jdk/xml/internal/JdkProperty$ImplPropMap done
Event: 1.866 loading class jdk/xml/internal/JdkProperty$State
Event: 1.866 loading class jdk/xml/internal/JdkProperty$State done
Event: 1.866 loading class com/sun/org/apache/xalan/internal/utils/XMLSecurityPropertyManager
Event: 1.866 loading class com/sun/org/apache/xalan/internal/utils/FeaturePropertyBase
Event: 1.866 loading class com/sun/org/apache/xalan/internal/utils/FeaturePropertyBase done
Event: 1.866 loading class com/sun/org/apache/xalan/internal/utils/XMLSecurityPropertyManager done
Event: 1.866 loading class com/sun/org/apache/xalan/internal/utils/FeaturePropertyBase$State
Event: 1.866 loading class com/sun/org/apache/xalan/internal/utils/FeaturePropertyBase$State done
Event: 1.866 loading class com/sun/org/apache/xalan/internal/utils/XMLSecurityPropertyManager$Property
Event: 1.866 loading class com/sun/org/apache/xalan/internal/utils/XMLSecurityPropertyManager$Property done
Event: 1.866 loading class com/sun/org/apache/xalan/internal/utils/XMLSecurityManager
Event: 1.866 loading class com/sun/org/apache/xalan/internal/utils/XMLSecurityManager done
Event: 1.866 loading class com/sun/org/apache/xalan/internal/utils/XMLSecurityManager$Limit
Event: 1.867 loading class com/sun/org/apache/xalan/internal/utils/XMLSecurityManager$Limit done
Event: 1.867 loading class com/sun/org/apache/xalan/internal/utils/XMLSecurityManager$NameMap
Event: 1.867 loading class com/sun/org/apache/xalan/internal/utils/XMLSecurityManager$NameMap done
Event: 1.867 loading class jdk/xml/internal/JdkProperty
Event: 1.867 loading class jdk/xml/internal/JdkProperty done


Dynamic libraries:
0x00007ff61bac0000 - 0x00007ff61bace000 	C:\Users\AmolA3\Downloads\sts-4.14.0.RELEASE\plugins\org.eclipse.justj.openjdk.hotspot.jre.full.win32.x86_64_17.0.2.v20220201-1208\jre\bin\javaw.exe
0x00007ff8e1bf0000 - 0x00007ff8e1de8000 	C:\Windows\SYSTEM32\ntdll.dll
0x00007ff8dfcc0000 - 0x00007ff8dfd7d000 	C:\Windows\System32\KERNEL32.DLL
0x00007ff8df5e0000 - 0x00007ff8df8ae000 	C:\Windows\System32\KERNELBASE.dll
0x000000005de60000 - 0x000000005deb4000 	C:\Program Files (x86)\CheckPoint\Endpoint Security\EFR\SBA_ISWWH.dll
0x00007ff8d8f40000 - 0x00007ff8d8f6c000 	C:\Program Files (x86)\CheckPoint\Endpoint Security\EFR\cphnt64.dll
0x00007ff8df8b0000 - 0x00007ff8df9b0000 	C:\Windows\System32\ucrtbase.dll
0x00007ff8d5a30000 - 0x00007ff8d5a48000 	C:\Users\AmolA3\Downloads\sts-4.14.0.RELEASE\plugins\org.eclipse.justj.openjdk.hotspot.jre.full.win32.x86_64_17.0.2.v20220201-1208\jre\bin\jli.dll
0x00007ff8dff30000 - 0x00007ff8e00d0000 	C:\Windows\System32\USER32.dll
0x00007ff8df5b0000 - 0x00007ff8df5d2000 	C:\Windows\System32\win32u.dll
0x00007ff8e00d0000 - 0x00007ff8e00fa000 	C:\Windows\System32\GDI32.dll
0x00007ff8df9b0000 - 0x00007ff8dfabb000 	C:\Windows\System32\gdi32full.dll
0x00007ff8df510000 - 0x00007ff8df5ad000 	C:\Windows\System32\msvcp_win.dll
0x00007ff8d5070000 - 0x00007ff8d5089000 	C:\Users\AmolA3\Downloads\sts-4.14.0.RELEASE\plugins\org.eclipse.justj.openjdk.hotspot.jre.full.win32.x86_64_17.0.2.v20220201-1208\jre\bin\VCRUNTIME140.dll
0x00007ff8dba30000 - 0x00007ff8dbcca000 	C:\Windows\WinSxS\amd64_microsoft.windows.common-controls_6595b64144ccf1df_6.0.19041.1110_none_60b5254171f9507e\COMCTL32.dll
0x00007ff8e1820000 - 0x00007ff8e18be000 	C:\Windows\System32\msvcrt.dll
0x00007ff8e0770000 - 0x00007ff8e07a0000 	C:\Windows\System32\IMM32.DLL
0x00007ff8df0f0000 - 0x00007ff8df128000 	C:\Program Files\Citrix\System32\MfApHook64.dll
0x00007ff8df020000 - 0x00007ff8df032000 	C:\Program Files\Citrix\IcaService\FullScreenHook64.dll
0x00007ff8e1770000 - 0x00007ff8e181e000 	C:\Windows\System32\ADVAPI32.dll
0x00007ff8e1370000 - 0x00007ff8e140c000 	C:\Windows\System32\sechost.dll
0x00007ff8e07d0000 - 0x00007ff8e08f5000 	C:\Windows\System32\RPCRT4.dll
0x00007ff8a99a0000 - 0x00007ff8a9a31000 	C:\Users\AmolA3\Downloads\sts-4.14.0.RELEASE\plugins\org.eclipse.justj.openjdk.hotspot.jre.full.win32.x86_64_17.0.2.v20220201-1208\jre\bin\MSVCP140.dll
0x00007ff8d9090000 - 0x00007ff8d909c000 	C:\Users\AmolA3\Downloads\sts-4.14.0.RELEASE\plugins\org.eclipse.justj.openjdk.hotspot.jre.full.win32.x86_64_17.0.2.v20220201-1208\jre\bin\VCRUNTIME140_1.dll
0x00007ff8deb40000 - 0x00007ff8deb6a000 	C:\Program Files\Citrix\ICAService\ShellHook64.dll
0x00007ff8e0100000 - 0x00007ff8e0155000 	C:\Windows\System32\SHLWAPI.dll
0x00007ff8dea30000 - 0x00007ff8deb3f000 	C:\Program Files\Citrix\IcaService\SCardHook64.dll
0x00007ff8de940000 - 0x00007ff8de960000 	C:\Program Files\Citrix\ICAService\cxinjime64.dll
0x00007ff8de910000 - 0x00007ff8de936000 	C:\Program Files\Citrix\ICAService\PicaWtsHook64.dll
0x00007ff8d4fc0000 - 0x00007ff8d4fdd000 	C:\Program Files (x86)\CheckPoint\Endpoint Security\EFR\cphusr64.dll
0x00007ff870550000 - 0x00007ff871197000 	C:\Users\AmolA3\Downloads\sts-4.14.0.RELEASE\plugins\org.eclipse.justj.openjdk.hotspot.jre.full.win32.x86_64_17.0.2.v20220201-1208\jre\bin\server\jvm.dll
0x00007ff8e02f0000 - 0x00007ff8e02f8000 	C:\Windows\System32\PSAPI.DLL
0x00007ff8c1a70000 - 0x00007ff8c1a79000 	C:\Windows\SYSTEM32\WSOCK32.dll
0x00007ff8e0a90000 - 0x00007ff8e0afb000 	C:\Windows\System32\WS2_32.dll
0x00007ff8d7310000 - 0x00007ff8d7337000 	C:\Windows\SYSTEM32\WINMM.dll
0x00007ff8deed0000 - 0x00007ff8deeda000 	C:\Windows\SYSTEM32\VERSION.dll
0x00007ff8dcac0000 - 0x00007ff8dcad2000 	C:\Windows\SYSTEM32\kernel.appcore.dll
0x00007ff8d9020000 - 0x00007ff8d902a000 	C:\Users\AmolA3\Downloads\sts-4.14.0.RELEASE\plugins\org.eclipse.justj.openjdk.hotspot.jre.full.win32.x86_64_17.0.2.v20220201-1208\jre\bin\jimage.dll
0x00007ff8dc630000 - 0x00007ff8dc814000 	C:\Windows\SYSTEM32\DBGHELP.DLL
0x00007ff8c1a40000 - 0x00007ff8c1a6c000 	C:\Windows\SYSTEM32\dbgcore.DLL
0x00007ff8df480000 - 0x00007ff8df502000 	C:\Windows\System32\bcryptPrimitives.dll
0x00007ff8afd80000 - 0x00007ff8afda5000 	C:\Users\AmolA3\Downloads\sts-4.14.0.RELEASE\plugins\org.eclipse.justj.openjdk.hotspot.jre.full.win32.x86_64_17.0.2.v20220201-1208\jre\bin\java.dll
0x00007ff8b5c60000 - 0x00007ff8b5c78000 	C:\Users\AmolA3\Downloads\sts-4.14.0.RELEASE\plugins\org.eclipse.justj.openjdk.hotspot.jre.full.win32.x86_64_17.0.2.v20220201-1208\jre\bin\zip.dll
0x00007ff8e0b00000 - 0x00007ff8e1244000 	C:\Windows\System32\SHELL32.dll
0x00007ff8dcae0000 - 0x00007ff8dd274000 	C:\Windows\SYSTEM32\windows.storage.dll
0x0000022a99d00000 - 0x0000022a9a054000 	C:\Windows\System32\combase.dll
0x00007ff8de510000 - 0x00007ff8de540000 	C:\Windows\SYSTEM32\Wldp.dll
0x00007ff8e09e0000 - 0x00007ff8e0a8d000 	C:\Windows\System32\SHCORE.dll
0x00007ff8df220000 - 0x00007ff8df23f000 	C:\Windows\SYSTEM32\profapi.dll
0x00007ff8b5a40000 - 0x00007ff8b5a59000 	C:\Users\AmolA3\Downloads\sts-4.14.0.RELEASE\plugins\org.eclipse.justj.openjdk.hotspot.jre.full.win32.x86_64_17.0.2.v20220201-1208\jre\bin\net.dll
0x00007ff8ddb30000 - 0x00007ff8ddc3a000 	C:\Windows\SYSTEM32\WINHTTP.dll
0x00007ff8de220000 - 0x00007ff8de28a000 	C:\Windows\system32\mswsock.dll
0x00007ff8b4270000 - 0x00007ff8b4285000 	C:\Users\AmolA3\Downloads\sts-4.14.0.RELEASE\plugins\org.eclipse.justj.openjdk.hotspot.jre.full.win32.x86_64_17.0.2.v20220201-1208\jre\bin\nio.dll
0x00007ff8d9220000 - 0x00007ff8d9229000 	C:\Users\AmolA3\Downloads\sts-4.14.0.RELEASE\plugins\org.eclipse.justj.openjdk.hotspot.jre.full.win32.x86_64_17.0.2.v20220201-1208\jre\bin\management.dll
0x00007ff8d90a0000 - 0x00007ff8d90ab000 	C:\Users\AmolA3\Downloads\sts-4.14.0.RELEASE\plugins\org.eclipse.justj.openjdk.hotspot.jre.full.win32.x86_64_17.0.2.v20220201-1208\jre\bin\management_ext.dll
0x00007ff8d38c0000 - 0x00007ff8d38d7000 	C:\Windows\system32\napinsp.dll
0x00007ff8d38a0000 - 0x00007ff8d38bb000 	C:\Windows\system32\pnrpnsp.dll
0x00007ff8d3910000 - 0x00007ff8d3925000 	C:\Windows\system32\wshbth.dll
0x00007ff8d9ab0000 - 0x00007ff8d9acd000 	C:\Windows\system32\NLAapi.dll
0x00007ff8ddf20000 - 0x00007ff8ddf5b000 	C:\Windows\SYSTEM32\IPHLPAPI.DLL
0x00007ff8ddf60000 - 0x00007ff8de02b000 	C:\Windows\SYSTEM32\DNSAPI.dll
0x00007ff8dfcb0000 - 0x00007ff8dfcb8000 	C:\Windows\System32\NSI.dll
0x00007ff8d3b30000 - 0x00007ff8d3b42000 	C:\Windows\System32\winrnr.dll
0x00007ff8d7660000 - 0x00007ff8d766a000 	C:\Windows\System32\rasadhlp.dll
0x00007ff8d96c0000 - 0x00007ff8d9740000 	C:\Windows\System32\fwpuclnt.dll
0x00007ff8df2e0000 - 0x00007ff8df307000 	C:\Windows\System32\bcrypt.dll
0x00007ff8de420000 - 0x00007ff8de438000 	C:\Windows\SYSTEM32\CRYPTSP.dll
0x00007ff8ddaa0000 - 0x00007ff8ddad4000 	C:\Windows\system32\rsaenh.dll
0x00007ff8df1a0000 - 0x00007ff8df1ce000 	C:\Windows\SYSTEM32\USERENV.dll
0x00007ff8de410000 - 0x00007ff8de41c000 	C:\Windows\SYSTEM32\CRYPTBASE.dll
0x00007ff8d94b0000 - 0x00007ff8d94c7000 	C:\Windows\SYSTEM32\dhcpcsvc6.DLL
0x00007ff8d9270000 - 0x00007ff8d928d000 	C:\Windows\SYSTEM32\dhcpcsvc.DLL
0x00007ff8d9260000 - 0x00007ff8d9270000 	C:\Users\AmolA3\Downloads\sts-4.14.0.RELEASE\plugins\org.eclipse.justj.openjdk.hotspot.jre.full.win32.x86_64_17.0.2.v20220201-1208\jre\bin\verify.dll

dbghelp: loaded successfully - version: 4.0.5 - missing functions: none
symbol engine: initialized successfully - sym options: 0x614 - pdb path: .;C:\Users\AmolA3\Downloads\sts-4.14.0.RELEASE\plugins\org.eclipse.justj.openjdk.hotspot.jre.full.win32.x86_64_17.0.2.v20220201-1208\jre\bin;C:\Windows\SYSTEM32;C:\Program Files (x86)\CheckPoint\Endpoint Security\EFR;C:\Windows\WinSxS\amd64_microsoft.windows.common-controls_6595b64144ccf1df_6.0.19041.1110_none_60b5254171f9507e;C:\Program Files\Citrix\System32;C:\Program Files\Citrix\IcaService;C:\Users\AmolA3\Downloads\sts-4.14.0.RELEASE\plugins\org.eclipse.justj.openjdk.hotspot.jre.full.win32.x86_64_17.0.2.v20220201-1208\jre\bin\server

VM Arguments:
jvm_args: -Dcom.sun.management.jmxremote -Dcom.sun.management.jmxremote.port=57649 -Dcom.sun.management.jmxremote.authenticate=false -Dcom.sun.management.jmxremote.ssl=false -Djava.rmi.server.hostname=localhost -Dspring.jmx.enabled=true -Dspring.application.admin.enabled=true -XX:TieredStopAtLevel=1 -Dspring.boot.project.name=scheduler -Dfile.encoding=UTF-8 -XX:+ShowCodeDetailsInExceptionMessages 
java_command: com.citiustech.SchedulerApplication --spring.output.ansi.enabled=always
java_class_path (initial): C:\Users\AmolA3\Desktop\Pre Impact Training\Project\scheduler\target\classes;C:\Users\AmolA3\.m2\repository\org\springframework\boot\spring-boot-starter-data-jpa\2.7.3\spring-boot-starter-data-jpa-2.7.3.jar;C:\Users\AmolA3\.m2\repository\org\springframework\boot\spring-boot-starter-aop\2.7.3\spring-boot-starter-aop-2.7.3.jar;C:\Users\AmolA3\.m2\repository\org\springframework\spring-aop\5.3.22\spring-aop-5.3.22.jar;C:\Users\AmolA3\.m2\repository\org\aspectj\aspectjweaver\1.9.7\aspectjweaver-1.9.7.jar;C:\Users\AmolA3\.m2\repository\org\springframework\boot\spring-boot-starter-jdbc\2.7.3\spring-boot-starter-jdbc-2.7.3.jar;C:\Users\AmolA3\.m2\repository\com\zaxxer\HikariCP\4.0.3\HikariCP-4.0.3.jar;C:\Users\AmolA3\.m2\repository\org\springframework\spring-jdbc\5.3.22\spring-jdbc-5.3.22.jar;C:\Users\AmolA3\.m2\repository\jakarta\transaction\jakarta.transaction-api\1.3.3\jakarta.transaction-api-1.3.3.jar;C:\Users\AmolA3\.m2\repository\jakarta\persistence\jakarta.persistence-api\2.2.3\jakarta.persistence-api-2.2.3.jar;C:\Users\AmolA3\.m2\repository\org\hibernate\hibernate-core\5.6.10.Final\hibernate-core-5.6.10.Final.jar;C:\Users\AmolA3\.m2\repository\org\jboss\logging\jboss-logging\3.4.3.Final\jboss-logging-3.4.3.Final.jar;C:\Users\AmolA3\.m2\repository\net\bytebuddy\byte-buddy\1.12.13\byte-buddy-1.12.13.jar;C:\Users\AmolA3\.m2\repository\antlr\antlr\2.7.7\antlr-2.7.7.jar;C:\Users\AmolA3\.m2\repository\org\jboss\jandex\2.4.2.Final\jandex-2.4.2.Final.jar;C:\Users\AmolA3\.m2\repository\com\fasterxml\classmate\1.5.1\classmate-1.5.1.jar;C:\Users\AmolA3\.m2\repository\org\hibernate\common\hibernate-commons-annotations\5.1.2.Final\hibernate-commons-annotations-5.1.2.Final.jar;C:\Users\AmolA3\.m2\repository\org\glassfish\jaxb\jaxb-runtime\2.3.6\jaxb-runtime-2.3.6.jar;C:\Users\AmolA3\.m2\repository\org\glassfish\jaxb\txw2\2.3.6\txw2-2.3.6.jar;C:\Users\AmolA3\.m2\repository\com\sun\istack\istack-commons-runtime\3.0.12\istack-commons-runtime-3.0.12.jar;C
Launcher Type: SUN_STANDARD

[Global flags]
     intx CICompilerCount                          = 2                                         {product} {ergonomic}
     uint ConcGCThreads                            = 1                                         {product} {ergonomic}
     uint G1ConcRefinementThreads                  = 2                                         {product} {ergonomic}
   size_t G1HeapRegionSize                         = 2097152                                   {product} {ergonomic}
    uintx GCDrainStackTargetSize                   = 64                                        {product} {ergonomic}
   size_t InitialHeapSize                          = 201326592                                 {product} {ergonomic}
     bool ManagementServer                         = true                                      {product} {command line}
   size_t MarkStackSize                            = 4194304                                   {product} {ergonomic}
   size_t MaxHeapSize                              = 3221225472                                {product} {ergonomic}
   size_t MaxNewSize                               = 1931476992                                {product} {ergonomic}
   size_t MinHeapDeltaBytes                        = 2097152                                   {product} {ergonomic}
   size_t MinHeapSize                              = 8388608                                   {product} {ergonomic}
    uintx NonProfiledCodeHeapSize                  = 0                                      {pd product} {ergonomic}
     bool ProfileInterpreter                       = false                                  {pd product} {command line}
    uintx ProfiledCodeHeapSize                     = 0                                      {pd product} {ergonomic}
     bool ShowCodeDetailsInExceptionMessages       = true                                   {manageable} {command line}
   size_t SoftMaxHeapSize                          = 3221225472                             {manageable} {ergonomic}
     intx TieredStopAtLevel                        = 1                                         {product} {command line}
     bool UseCompressedClassPointers               = true                           {product lp64_product} {ergonomic}
     bool UseCompressedOops                        = true                           {product lp64_product} {ergonomic}
     bool UseG1GC                                  = true                                      {product} {ergonomic}
     bool UseLargePagesIndividualAllocation        = false                                  {pd product} {ergonomic}

Logging:
Log output configuration:
 #0: stdout all=warning uptime,level,tags
 #1: stderr all=off uptime,level,tags

Environment Variables:
JAVA_HOME=C:\Program Files\Java\jdk1.8.0_311
PATH=C:/Users/AmolA3/Downloads/sts-4.14.0.RELEASE//plugins/org.eclipse.justj.openjdk.hotspot.jre.full.win32.x86_64_17.0.2.v20220201-1208/jre/bin/server;C:/Users/AmolA3/Downloads/sts-4.14.0.RELEASE//plugins/org.eclipse.justj.openjdk.hotspot.jre.full.win32.x86_64_17.0.2.v20220201-1208/jre/bin;C:\Program Files (x86)\Common Files\Oracle\Java\javapath;C:\Windows\system32;C:\Windows;C:\Windows\System32\Wbem;C:\Windows\System32\WindowsPowerShell\v1.0\;C:\Windows\System32\OpenSSH\;C:\Program Files\Citrix\System32\;C:\Program Files\Citrix\ICAService\;C:\Program Files (x86)\CheckPoint\Endpoint Security\Endpoint Common\bin;C:\Program Files\nodejs\;C:\Program Files\Java\jdk1.8.0_311\bin;C:\Program Files (x86)\Microsoft SQL Server\150\DTS\Binn\;C:\Program Files\Azure Data Studio\bin;C:\Program Files (x86)\Microsoft SQL Server\150\Tools\Binn\;C:\Program Files\Microsoft SQL Server\150\Tools\Binn\;C:\Program Files\Microsoft SQL Server\150\DTS\Binn\;C:\Program Files\Microsoft SQL Server\Client SDK\ODBC\170\Tools\Binn\;C:\Program Files\Git\cmd;C:\Users\AmolA3\AppData\Local\Microsoft\WindowsApps;;C:\Users\AmolA3\AppData\Local\Programs\Microsoft VS Code\bin;C:\Users\AmolA3\AppData\Roaming\npm;C:\Users\AmolA3\Downloads\sts-4.14.0.RELEASE;
USERNAME=AmolA3
OS=Windows_NT
PROCESSOR_IDENTIFIER=Intel64 Family 6 Model 85 Stepping 7, GenuineIntel



---------------  S Y S T E M  ---------------

OS:
 Windows 10 , 64 bit Build 19041 (10.0.19041.1806)
OS uptime: 6 days 22:31 hours
VMWare virtualization detected

CPU: total 2 (initial active 2) (2 cores per cpu, 1 threads per core) family 6 model 85 stepping 7 microcode 0x5003103, cx8, cmov, fxsr, mmx, 3dnowpref, sse, sse2, sse3, ssse3, sse4.1, sse4.2, popcnt, lzcnt, tsc, tscinvbit, avx, avx2, aes, erms, clmul, bmi1, bmi2, adx, avx512f, avx512dq, avx512cd, avx512bw, avx512vl, fma, vzeroupper, clflush, clflushopt, clwb, hv

Memory: 4k page, system-wide physical 12287M (264M free)
TotalPageFile size 16383M (AvailPageFile size 7M)
current process WorkingSet (physical memory assigned to process): 93M, peak: 93M
current process commit charge ("private bytes"): 285M, peak: 325M

vm_info: OpenJDK 64-Bit Server VM (17.0.2+8) for windows-amd64 JRE (17.0.2+8), built on Jan 20 2022 04:52:34 by "" with MS VC++ 16.7 (VS2019)

END.
